mode: atomic
github.com/komodorio/komoplane/main.go:32.13,34.16 2 0
github.com/komodorio/komoplane/main.go:34.16,36.3 1 0
github.com/komodorio/komoplane/main.go:38.2,39.25 2 0
github.com/komodorio/komoplane/main.go:39.25,41.17 2 0
github.com/komodorio/komoplane/main.go:41.17,43.4 1 0
github.com/komodorio/komoplane/main.go:44.3,44.23 1 0
github.com/komodorio/komoplane/main.go:47.2,62.12 7 0
github.com/komodorio/komoplane/main.go:62.12,66.3 3 0
github.com/komodorio/komoplane/main.go:68.2,69.16 2 0
github.com/komodorio/komoplane/main.go:69.16,70.29 1 0
github.com/komodorio/komoplane/main.go:70.29,74.4 3 0
github.com/komodorio/komoplane/main.go:74.9,76.4 1 0
github.com/komodorio/komoplane/main.go:79.2,82.20 3 0
github.com/komodorio/komoplane/main.go:85.27,88.16 3 0
github.com/komodorio/komoplane/main.go:88.16,89.38 1 0
github.com/komodorio/komoplane/main.go:89.38,90.31 1 0
github.com/komodorio/komoplane/main.go:90.31,92.5 1 0
github.com/komodorio/komoplane/main.go:96.3,96.13 1 0
github.com/komodorio/komoplane/main.go:99.2,99.18 1 0
github.com/komodorio/komoplane/main.go:99.18,102.3 2 0
github.com/komodorio/komoplane/main.go:104.2,104.19 1 0
github.com/komodorio/komoplane/main.go:104.19,107.3 2 0
github.com/komodorio/komoplane/main.go:108.2,108.13 1 0
github.com/komodorio/komoplane/main.go:111.33,112.13 1 0
github.com/komodorio/komoplane/main.go:112.13,115.3 2 0
github.com/komodorio/komoplane/main.go:115.8,117.3 1 0
github.com/komodorio/komoplane/main.go:118.2,118.69 1 0
github.com/komodorio/komoplane/pkg/backend/api.go:13.57,16.12 3 0
github.com/komodorio/komoplane/pkg/backend/api.go:16.12,18.3 1 0
github.com/komodorio/komoplane/pkg/backend/api.go:20.2,29.79 3 0
github.com/komodorio/komoplane/pkg/backend/api.go:29.79,31.40 1 0
github.com/komodorio/komoplane/pkg/backend/api.go:31.40,33.5 1 0
github.com/komodorio/komoplane/pkg/backend/api.go:33.10,35.5 1 0
github.com/komodorio/komoplane/pkg/backend/api.go:36.4,36.14 1 0
github.com/komodorio/komoplane/pkg/backend/api.go:40.2,43.36 3 0
github.com/komodorio/komoplane/pkg/backend/api.go:43.36,45.3 1 0
github.com/komodorio/komoplane/pkg/backend/api.go:47.2,47.12 1 0
github.com/komodorio/komoplane/pkg/backend/api.go:51.55,52.36 1 0
github.com/komodorio/komoplane/pkg/backend/api.go:52.36,54.17 2 0
github.com/komodorio/komoplane/pkg/backend/api.go:54.17,57.18 3 0
github.com/komodorio/komoplane/pkg/backend/api.go:57.18,59.5 1 0
github.com/komodorio/komoplane/pkg/backend/api.go:59.10,61.5 1 0
github.com/komodorio/komoplane/pkg/backend/api.go:63.3,63.17 1 0
github.com/komodorio/komoplane/pkg/backend/api.go:67.56,68.36 1 0
github.com/komodorio/komoplane/pkg/backend/api.go:68.36,71.3 2 0
github.com/komodorio/komoplane/pkg/backend/api.go:74.56,75.36 1 0
github.com/komodorio/komoplane/pkg/backend/api.go:75.36,77.57 2 0
github.com/komodorio/komoplane/pkg/backend/api.go:77.57,79.4 1 0
github.com/komodorio/komoplane/pkg/backend/api.go:81.3,81.13 1 0
github.com/komodorio/komoplane/pkg/backend/api.go:85.56,86.48 1 0
github.com/komodorio/komoplane/pkg/backend/api.go:86.48,88.3 1 0
github.com/komodorio/komoplane/pkg/backend/api.go:91.2,91.50 1 0
github.com/komodorio/komoplane/pkg/backend/api.go:91.50,93.3 1 0
github.com/komodorio/komoplane/pkg/backend/api.go:95.2,121.28 21 0
github.com/komodorio/komoplane/pkg/backend/api.go:124.38,132.2 5 0
github.com/komodorio/komoplane/pkg/backend/controller.go:70.52,82.2 3 0
github.com/komodorio/komoplane/pkg/backend/controller.go:84.76,89.52 2 0
github.com/komodorio/komoplane/pkg/backend/controller.go:89.52,93.3 1 0
github.com/komodorio/komoplane/pkg/backend/controller.go:95.2,96.12 2 0
github.com/komodorio/komoplane/pkg/backend/controller.go:99.77,100.63 1 0
github.com/komodorio/komoplane/pkg/backend/controller.go:103.45,106.16 3 0
github.com/komodorio/komoplane/pkg/backend/controller.go:106.16,108.3 1 0
github.com/komodorio/komoplane/pkg/backend/controller.go:110.2,112.21 2 0
github.com/komodorio/komoplane/pkg/backend/controller.go:115.58,117.16 2 0
github.com/komodorio/komoplane/pkg/backend/controller.go:117.16,119.3 1 0
github.com/komodorio/komoplane/pkg/backend/controller.go:121.2,121.54 1 0
github.com/komodorio/komoplane/pkg/backend/controller.go:124.57,126.16 2 0
github.com/komodorio/komoplane/pkg/backend/controller.go:126.16,128.3 1 0
github.com/komodorio/komoplane/pkg/backend/controller.go:130.2,130.48 1 0
github.com/komodorio/komoplane/pkg/backend/controller.go:133.63,146.16 5 0
github.com/komodorio/komoplane/pkg/backend/controller.go:146.16,148.3 1 0
github.com/komodorio/komoplane/pkg/backend/controller.go:150.2,150.48 1 0
github.com/komodorio/komoplane/pkg/backend/controller.go:153.64,155.16 2 0
github.com/komodorio/komoplane/pkg/backend/controller.go:155.16,157.3 1 0
github.com/komodorio/komoplane/pkg/backend/controller.go:159.2,159.48 1 0
github.com/komodorio/komoplane/pkg/backend/controller.go:162.120,164.16 2 0
github.com/komodorio/komoplane/pkg/backend/controller.go:164.16,166.3 1 0
github.com/komodorio/komoplane/pkg/backend/controller.go:168.2,169.39 2 0
github.com/komodorio/komoplane/pkg/backend/controller.go:169.39,170.38 1 0
github.com/komodorio/komoplane/pkg/backend/controller.go:170.38,171.12 1 0
github.com/komodorio/komoplane/pkg/backend/controller.go:174.3,174.32 1 0
github.com/komodorio/komoplane/pkg/backend/controller.go:174.32,176.55 1 0
github.com/komodorio/komoplane/pkg/backend/controller.go:176.55,183.19 3 0
github.com/komodorio/komoplane/pkg/backend/controller.go:183.19,185.6 1 0
github.com/komodorio/komoplane/pkg/backend/controller.go:186.5,186.50 1 0
github.com/komodorio/komoplane/pkg/backend/controller.go:191.2,191.19 1 0
github.com/komodorio/komoplane/pkg/backend/controller.go:194.64,197.31 1 0
github.com/komodorio/komoplane/pkg/backend/controller.go:197.31,199.3 1 0
github.com/komodorio/komoplane/pkg/backend/controller.go:200.2,204.16 3 0
github.com/komodorio/komoplane/pkg/backend/controller.go:204.16,206.3 1 0
github.com/komodorio/komoplane/pkg/backend/controller.go:208.2,209.16 2 0
github.com/komodorio/komoplane/pkg/backend/controller.go:209.16,211.3 1 0
github.com/komodorio/komoplane/pkg/backend/controller.go:213.2,215.36 2 0
github.com/komodorio/komoplane/pkg/backend/controller.go:215.36,218.43 2 0
github.com/komodorio/komoplane/pkg/backend/controller.go:218.43,219.86 1 0
github.com/komodorio/komoplane/pkg/backend/controller.go:219.86,220.42 1 0
github.com/komodorio/komoplane/pkg/backend/controller.go:220.42,221.31 1 0
github.com/komodorio/komoplane/pkg/backend/controller.go:221.31,222.44 1 0
github.com/komodorio/komoplane/pkg/backend/controller.go:222.44,224.8 1 0
github.com/komodorio/komoplane/pkg/backend/controller.go:226.7,227.20 2 0
github.com/komodorio/komoplane/pkg/backend/controller.go:233.2,233.22 1 0
github.com/komodorio/komoplane/pkg/backend/controller.go:236.55,242.91 2 0
github.com/komodorio/komoplane/pkg/backend/controller.go:242.91,243.29 1 0
github.com/komodorio/komoplane/pkg/backend/controller.go:243.29,245.4 1 0
github.com/komodorio/komoplane/pkg/backend/controller.go:246.3,246.33 1 0
github.com/komodorio/komoplane/pkg/backend/controller.go:248.2,248.16 1 0
github.com/komodorio/komoplane/pkg/backend/controller.go:248.16,250.3 1 0
github.com/komodorio/komoplane/pkg/backend/controller.go:252.2,252.49 1 0
github.com/komodorio/komoplane/pkg/backend/controller.go:255.54,267.16 6 0
github.com/komodorio/komoplane/pkg/backend/controller.go:267.16,269.3 1 0
github.com/komodorio/komoplane/pkg/backend/controller.go:271.2,271.33 1 0
github.com/komodorio/komoplane/pkg/backend/controller.go:271.33,279.17 6 0
github.com/komodorio/komoplane/pkg/backend/controller.go:279.17,281.4 1 0
github.com/komodorio/komoplane/pkg/backend/controller.go:283.3,283.32 1 0
github.com/komodorio/komoplane/pkg/backend/controller.go:285.2,285.57 1 0
github.com/komodorio/komoplane/pkg/backend/controller.go:288.79,290.20 2 0
github.com/komodorio/komoplane/pkg/backend/controller.go:290.20,295.3 4 0
github.com/komodorio/komoplane/pkg/backend/controller.go:298.102,301.20 2 0
github.com/komodorio/komoplane/pkg/backend/controller.go:301.20,310.3 2 0
github.com/komodorio/komoplane/pkg/backend/controller.go:310.8,312.17 2 0
github.com/komodorio/komoplane/pkg/backend/controller.go:312.17,321.4 2 0
github.com/komodorio/komoplane/pkg/backend/controller.go:325.2,329.12 4 0
github.com/komodorio/komoplane/pkg/backend/controller.go:332.57,335.22 3 0
github.com/komodorio/komoplane/pkg/backend/controller.go:335.22,338.17 3 0
github.com/komodorio/komoplane/pkg/backend/controller.go:338.17,340.4 1 0
github.com/komodorio/komoplane/pkg/backend/controller.go:342.3,342.28 1 0
github.com/komodorio/komoplane/pkg/backend/controller.go:342.28,349.18 3 0
github.com/komodorio/komoplane/pkg/backend/controller.go:349.18,351.13 2 0
github.com/komodorio/komoplane/pkg/backend/controller.go:354.4,354.49 1 0
github.com/komodorio/komoplane/pkg/backend/controller.go:356.3,356.48 1 0
github.com/komodorio/komoplane/pkg/backend/controller.go:357.8,360.3 2 0
github.com/komodorio/komoplane/pkg/backend/controller.go:362.2,362.48 1 0
github.com/komodorio/komoplane/pkg/backend/controller.go:365.93,368.22 3 0
github.com/komodorio/komoplane/pkg/backend/controller.go:368.22,372.17 3 0
github.com/komodorio/komoplane/pkg/backend/controller.go:372.17,374.4 1 0
github.com/komodorio/komoplane/pkg/backend/controller.go:376.3,377.50 2 0
github.com/komodorio/komoplane/pkg/backend/controller.go:378.8,381.3 2 0
github.com/komodorio/komoplane/pkg/backend/controller.go:382.2,382.18 1 0
github.com/komodorio/komoplane/pkg/backend/controller.go:385.78,387.32 2 0
github.com/komodorio/komoplane/pkg/backend/controller.go:387.32,388.28 1 0
github.com/komodorio/komoplane/pkg/backend/controller.go:388.28,389.111 1 0
github.com/komodorio/komoplane/pkg/backend/controller.go:389.111,391.13 2 0
github.com/komodorio/komoplane/pkg/backend/controller.go:394.4,394.26 1 0
github.com/komodorio/komoplane/pkg/backend/controller.go:398.2,398.12 1 0
github.com/komodorio/komoplane/pkg/backend/controller.go:401.56,412.16 6 0
github.com/komodorio/komoplane/pkg/backend/controller.go:412.16,414.3 1 0
github.com/komodorio/komoplane/pkg/backend/controller.go:416.2,416.33 1 0
github.com/komodorio/komoplane/pkg/backend/controller.go:416.33,420.27 2 0
github.com/komodorio/komoplane/pkg/backend/controller.go:420.27,422.18 2 0
github.com/komodorio/komoplane/pkg/backend/controller.go:422.18,424.5 1 0
github.com/komodorio/komoplane/pkg/backend/controller.go:426.4,427.35 2 0
github.com/komodorio/komoplane/pkg/backend/controller.go:427.35,428.45 1 0
github.com/komodorio/komoplane/pkg/backend/controller.go:428.45,431.6 2 0
github.com/komodorio/komoplane/pkg/backend/controller.go:434.4,436.32 3 0
github.com/komodorio/komoplane/pkg/backend/controller.go:440.3,441.30 2 0
github.com/komodorio/komoplane/pkg/backend/controller.go:441.30,450.4 4 0
github.com/komodorio/komoplane/pkg/backend/controller.go:453.2,453.54 1 0
github.com/komodorio/komoplane/pkg/backend/controller.go:456.59,462.91 2 0
github.com/komodorio/komoplane/pkg/backend/controller.go:462.91,464.3 1 0
github.com/komodorio/komoplane/pkg/backend/controller.go:465.2,465.16 1 0
github.com/komodorio/komoplane/pkg/backend/controller.go:465.16,467.3 1 0
github.com/komodorio/komoplane/pkg/backend/controller.go:469.2,469.49 1 0
github.com/komodorio/komoplane/pkg/backend/controller.go:472.61,474.16 2 0
github.com/komodorio/komoplane/pkg/backend/controller.go:474.16,476.3 1 0
github.com/komodorio/komoplane/pkg/backend/controller.go:478.2,478.50 1 0
github.com/komodorio/komoplane/pkg/backend/controller.go:481.53,483.16 2 0
github.com/komodorio/komoplane/pkg/backend/controller.go:483.16,485.3 1 0
github.com/komodorio/komoplane/pkg/backend/controller.go:487.2,487.50 1 0
github.com/komodorio/komoplane/pkg/backend/controller.go:490.55,502.16 5 0
github.com/komodorio/komoplane/pkg/backend/controller.go:502.16,504.3 1 0
github.com/komodorio/komoplane/pkg/backend/controller.go:506.2,506.48 1 0
github.com/komodorio/komoplane/pkg/backend/controller.go:509.58,520.16 6 0
github.com/komodorio/komoplane/pkg/backend/controller.go:520.16,522.3 1 0
github.com/komodorio/komoplane/pkg/backend/controller.go:524.2,524.33 1 0
github.com/komodorio/komoplane/pkg/backend/controller.go:524.33,527.22 2 0
github.com/komodorio/komoplane/pkg/backend/controller.go:527.22,531.4 3 0
github.com/komodorio/komoplane/pkg/backend/controller.go:533.3,534.17 2 0
github.com/komodorio/komoplane/pkg/backend/controller.go:534.17,536.4 1 0
github.com/komodorio/komoplane/pkg/backend/controller.go:538.3,538.47 1 0
github.com/komodorio/komoplane/pkg/backend/controller.go:538.47,546.31 3 0
github.com/komodorio/komoplane/pkg/backend/controller.go:546.31,550.5 3 0
github.com/komodorio/komoplane/pkg/backend/controller.go:553.3,557.17 3 0
github.com/komodorio/komoplane/pkg/backend/controller.go:557.17,559.4 1 0
github.com/komodorio/komoplane/pkg/backend/controller.go:562.2,562.47 1 0
github.com/komodorio/komoplane/pkg/backend/controller.go:565.90,567.16 2 0
github.com/komodorio/komoplane/pkg/backend/controller.go:567.16,569.3 1 0
github.com/komodorio/komoplane/pkg/backend/controller.go:571.2,574.51 4 0
github.com/komodorio/komoplane/pkg/backend/controller.go:574.51,577.17 3 0
github.com/komodorio/komoplane/pkg/backend/controller.go:577.17,579.4 1 0
github.com/komodorio/komoplane/pkg/backend/controller.go:581.3,581.25 1 0
github.com/komodorio/komoplane/pkg/backend/controller.go:581.25,583.19 2 0
github.com/komodorio/komoplane/pkg/backend/controller.go:583.19,585.5 1 0
github.com/komodorio/komoplane/pkg/backend/controller.go:585.10,585.31 1 0
github.com/komodorio/komoplane/pkg/backend/controller.go:585.31,587.5 1 0
github.com/komodorio/komoplane/pkg/backend/controller.go:590.3,590.24 1 0
github.com/komodorio/komoplane/pkg/backend/controller.go:592.2,595.12 4 0
github.com/komodorio/komoplane/pkg/backend/controller.go:600.115,602.16 2 0
github.com/komodorio/komoplane/pkg/backend/controller.go:602.16,604.3 1 0
github.com/komodorio/komoplane/pkg/backend/controller.go:606.2,606.33 1 0
github.com/komodorio/komoplane/pkg/backend/controller.go:606.33,608.18 2 0
github.com/komodorio/komoplane/pkg/backend/controller.go:608.18,609.12 1 0
github.com/komodorio/komoplane/pkg/backend/controller.go:612.3,613.39 2 0
github.com/komodorio/komoplane/pkg/backend/controller.go:613.39,614.16 1 0
github.com/komodorio/komoplane/pkg/backend/controller.go:614.16,616.5 1 0
github.com/komodorio/komoplane/pkg/backend/controller.go:619.3,619.24 1 0
github.com/komodorio/komoplane/pkg/backend/controller.go:619.24,621.4 1 0
github.com/komodorio/komoplane/pkg/backend/controller.go:623.3,629.17 3 0
github.com/komodorio/komoplane/pkg/backend/controller.go:629.17,631.4 1 0
github.com/komodorio/komoplane/pkg/backend/controller.go:633.3,633.48 1 0
github.com/komodorio/komoplane/pkg/backend/controller.go:635.2,635.12 1 0
github.com/komodorio/komoplane/pkg/backend/controller.go:645.141,646.33 1 0
github.com/komodorio/komoplane/pkg/backend/controller.go:646.33,648.71 1 0
github.com/komodorio/komoplane/pkg/backend/controller.go:648.71,649.41 1 0
github.com/komodorio/komoplane/pkg/backend/controller.go:649.41,651.5 1 0
github.com/komodorio/komoplane/pkg/backend/controller.go:653.4,653.76 1 0
github.com/komodorio/komoplane/pkg/backend/controller.go:653.76,655.5 1 0
github.com/komodorio/komoplane/pkg/backend/controller.go:658.2,658.21 1 0
github.com/komodorio/komoplane/pkg/backend/controller.go:661.112,664.19 3 0
github.com/komodorio/komoplane/pkg/backend/controller.go:664.19,666.17 2 0
github.com/komodorio/komoplane/pkg/backend/controller.go:666.17,668.4 1 0
github.com/komodorio/komoplane/pkg/backend/controller.go:669.3,669.26 1 0
github.com/komodorio/komoplane/pkg/backend/controller.go:670.8,672.3 1 0
github.com/komodorio/komoplane/pkg/backend/controller.go:674.2,674.19 1 0
github.com/komodorio/komoplane/pkg/backend/controller.go:677.107,681.16 3 0
github.com/komodorio/komoplane/pkg/backend/controller.go:681.16,683.3 1 0
github.com/komodorio/komoplane/pkg/backend/controller.go:685.2,686.16 2 0
github.com/komodorio/komoplane/pkg/backend/controller.go:686.16,688.3 1 0
github.com/komodorio/komoplane/pkg/backend/controller.go:690.2,691.16 2 0
github.com/komodorio/komoplane/pkg/backend/controller.go:691.16,693.3 1 0
github.com/komodorio/komoplane/pkg/backend/controller.go:695.2,696.16 2 0
github.com/komodorio/komoplane/pkg/backend/controller.go:696.16,698.3 1 0
github.com/komodorio/komoplane/pkg/backend/controller.go:700.2,727.25 6 0
github.com/komodorio/komoplane/pkg/backend/controller.go:730.74,733.16 3 0
github.com/komodorio/komoplane/pkg/backend/controller.go:733.16,736.3 2 0
github.com/komodorio/komoplane/pkg/backend/controller.go:737.2,737.12 1 0
github.com/komodorio/komoplane/pkg/backend/controller.go:740.43,742.16 2 0
github.com/komodorio/komoplane/pkg/backend/controller.go:742.16,745.3 2 0
github.com/komodorio/komoplane/pkg/backend/controller.go:747.2,756.34 5 0
github.com/komodorio/komoplane/pkg/backend/fs_helper.go:13.71,19.2 2 0
github.com/komodorio/komoplane/pkg/backend/fs_helper.go:26.59,27.17 1 0
github.com/komodorio/komoplane/pkg/backend/fs_helper.go:27.17,29.3 1 0
github.com/komodorio/komoplane/pkg/backend/fs_helper.go:30.2,30.35 1 0
github.com/komodorio/komoplane/pkg/backend/fs_helper.go:36.33,38.2 1 0
github.com/komodorio/komoplane/pkg/backend/fs_helper.go:40.51,42.2 1 0
github.com/komodorio/komoplane/pkg/backend/fs_helper.go:44.51,46.2 1 0
github.com/komodorio/komoplane/pkg/backend/fs_helper.go:48.55,50.2 1 0
github.com/komodorio/komoplane/pkg/backend/fs_helper.go:52.47,54.2 1 0
github.com/komodorio/komoplane/pkg/backend/fs_helper.go:59.34,61.2 1 0
github.com/komodorio/komoplane/pkg/backend/fs_helper.go:63.33,65.2 1 0
github.com/komodorio/komoplane/pkg/backend/fs_helper.go:67.39,69.2 1 0
github.com/komodorio/komoplane/pkg/backend/fs_helper.go:71.40,73.2 1 0
github.com/komodorio/komoplane/pkg/backend/fs_helper.go:75.33,77.2 1 0
github.com/komodorio/komoplane/pkg/backend/fs_helper.go:79.30,81.2 1 0
github.com/komodorio/komoplane/pkg/backend/server.go:25.80,27.16 2 0
github.com/komodorio/komoplane/pkg/backend/server.go:27.16,29.3 1 0
github.com/komodorio/komoplane/pkg/backend/server.go:31.2,32.16 2 0
github.com/komodorio/komoplane/pkg/backend/server.go:32.16,34.3 1 0
github.com/komodorio/komoplane/pkg/backend/server.go:36.2,39.13 4 0
github.com/komodorio/komoplane/pkg/backend/server.go:39.13,41.3 1 0
github.com/komodorio/komoplane/pkg/backend/server.go:42.2,44.31 2 0
github.com/komodorio/komoplane/pkg/backend/server.go:44.31,46.3 1 0
github.com/komodorio/komoplane/pkg/backend/server.go:48.2,53.41 4 0
github.com/komodorio/komoplane/pkg/backend/server.go:56.92,63.12 3 0
github.com/komodorio/komoplane/pkg/backend/server.go:63.12,66.17 3 0
github.com/komodorio/komoplane/pkg/backend/server.go:66.17,68.4 1 0
github.com/komodorio/komoplane/pkg/backend/server.go:69.3,69.46 1 0
github.com/komodorio/komoplane/pkg/backend/server.go:72.2,72.12 1 0
github.com/komodorio/komoplane/pkg/backend/server.go:72.12,74.48 2 0
github.com/komodorio/komoplane/pkg/backend/server.go:74.48,76.14 2 0
github.com/komodorio/komoplane/pkg/backend/server.go:78.3,78.21 1 0
github.com/komodorio/komoplane/pkg/backend/server.go:81.2,81.13 1 0
github.com/komodorio/komoplane/pkg/backend/server.go:84.34,92.16 5 0
github.com/komodorio/komoplane/pkg/backend/server.go:92.16,95.3 2 0
github.com/komodorio/komoplane/pkg/backend/server.go:96.2,96.15 1 0
github.com/komodorio/komoplane/pkg/backend/server.go:96.15,96.37 1 0
github.com/komodorio/komoplane/pkg/backend/server.go:98.2,98.43 1 0
github.com/komodorio/komoplane/pkg/backend/server.go:98.43,100.3 1 0
github.com/komodorio/komoplane/pkg/backend/server.go:100.8,103.17 3 0
github.com/komodorio/komoplane/pkg/backend/server.go:103.17,105.4 1 0
github.com/komodorio/komoplane/pkg/backend/server.go:105.9,107.4 1 0
github.com/komodorio/komoplane/pkg/backend/server.go:110.2,111.16 2 0
github.com/komodorio/komoplane/pkg/backend/server.go:111.16,114.3 2 0
github.com/komodorio/komoplane/pkg/backend/server.go:116.2,117.16 2 0
github.com/komodorio/komoplane/pkg/backend/server.go:117.16,119.3 1 0
github.com/komodorio/komoplane/pkg/backend/server.go:119.8,120.22 1 0
github.com/komodorio/komoplane/pkg/backend/server.go:120.22,123.4 2 0
github.com/komodorio/komoplane/pkg/backend/server.go:123.9,125.4 1 0
github.com/komodorio/komoplane/pkg/backend/crossplane/apiV1.go:19.59,27.16 7 0
github.com/komodorio/komoplane/pkg/backend/crossplane/apiV1.go:27.16,29.3 1 0
github.com/komodorio/komoplane/pkg/backend/crossplane/apiV1.go:31.2,31.46 1 0
github.com/komodorio/komoplane/pkg/backend/crossplane/apiV1.go:34.53,38.2 1 0
github.com/komodorio/komoplane/pkg/backend/crossplane/composition.go:19.84,28.2 3 0
github.com/komodorio/komoplane/pkg/backend/crossplane/composition.go:30.92,40.2 3 0
github.com/komodorio/komoplane/pkg/backend/crossplane/crds.go:26.101,35.16 8 0
github.com/komodorio/komoplane/pkg/backend/crossplane/crds.go:35.16,37.3 1 0
github.com/komodorio/komoplane/pkg/backend/crossplane/crds.go:39.2,40.16 2 0
github.com/komodorio/komoplane/pkg/backend/crossplane/crds.go:40.16,42.3 1 0
github.com/komodorio/komoplane/pkg/backend/crossplane/crds.go:44.2,51.12 2 0
github.com/komodorio/komoplane/pkg/backend/crossplane/crds.go:54.116,62.16 7 0
github.com/komodorio/komoplane/pkg/backend/crossplane/crds.go:62.16,64.3 1 0
github.com/komodorio/komoplane/pkg/backend/crossplane/crds.go:66.2,74.21 3 0
github.com/komodorio/komoplane/pkg/backend/crossplane/crds.go:77.97,79.16 2 0
github.com/komodorio/komoplane/pkg/backend/crossplane/crds.go:79.16,81.3 1 0
github.com/komodorio/komoplane/pkg/backend/crossplane/crds.go:83.2,83.33 1 0
github.com/komodorio/komoplane/pkg/backend/crossplane/crds.go:83.33,84.123 1 0
github.com/komodorio/komoplane/pkg/backend/crossplane/crds.go:84.123,86.4 1 0
github.com/komodorio/komoplane/pkg/backend/crossplane/crds.go:88.3,88.88 1 0
github.com/komodorio/komoplane/pkg/backend/crossplane/crds.go:88.88,90.4 1 0
github.com/komodorio/komoplane/pkg/backend/crossplane/crds.go:93.2,94.36 2 0
github.com/komodorio/komoplane/pkg/backend/crossplane/crds.go:97.76,102.2 1 0
github.com/komodorio/komoplane/pkg/backend/crossplane/events.go:21.104,31.31 3 0
github.com/komodorio/komoplane/pkg/backend/crossplane/events.go:31.31,33.3 1 0
github.com/komodorio/komoplane/pkg/backend/crossplane/events.go:35.2,36.20 2 0
github.com/komodorio/komoplane/pkg/backend/crossplane/events.go:39.63,41.16 2 0
github.com/komodorio/komoplane/pkg/backend/crossplane/events.go:41.16,43.3 1 0
github.com/komodorio/komoplane/pkg/backend/crossplane/events.go:45.2,47.8 1 0
github.com/komodorio/komoplane/pkg/backend/crossplane/extV1.go:19.66,27.16 7 0
github.com/komodorio/komoplane/pkg/backend/crossplane/extV1.go:27.16,29.3 1 0
github.com/komodorio/komoplane/pkg/backend/crossplane/extV1.go:31.2,31.53 1 0
github.com/komodorio/komoplane/pkg/backend/crossplane/extV1.go:34.50,38.2 1 0
github.com/komodorio/komoplane/pkg/backend/crossplane/extV1.go:39.66,43.2 1 0
github.com/komodorio/komoplane/pkg/backend/crossplane/providers.go:19.78,28.2 3 0
github.com/komodorio/komoplane/pkg/backend/crossplane/providers.go:30.86,40.2 3 0
github.com/komodorio/komoplane/pkg/backend/crossplane/xrds.go:19.92,28.2 3 0
github.com/komodorio/komoplane/pkg/backend/crossplane/xrds.go:30.100,40.2 3 0
github.com/komodorio/komoplane/pkg/backend/utils/utils.go:5.36,7.164 2 10
github.com/komodorio/komoplane/pkg/backend/utils/utils.go:7.164,9.3 1 3
github.com/komodorio/komoplane/pkg/backend/utils/utils.go:9.8,9.211 1 7
github.com/komodorio/komoplane/pkg/backend/utils/utils.go:9.211,11.3 1 2
github.com/komodorio/komoplane/pkg/backend/utils/utils.go:11.8,11.41 1 5
github.com/komodorio/komoplane/pkg/backend/utils/utils.go:11.41,13.3 1 1
github.com/komodorio/komoplane/pkg/backend/utils/utils.go:13.8,13.42 1 4
github.com/komodorio/komoplane/pkg/backend/utils/utils.go:13.42,15.3 1 1
github.com/komodorio/komoplane/pkg/backend/utils/utils.go:15.8,15.41 1 3
github.com/komodorio/komoplane/pkg/backend/utils/utils.go:15.41,17.3 1 1
github.com/komodorio/komoplane/pkg/backend/utils/utils.go:17.8,19.3 1 2
github.com/komodorio/komoplane/main.go:32.13,34.16 2 0
github.com/komodorio/komoplane/main.go:34.16,36.3 1 0
github.com/komodorio/komoplane/main.go:38.2,39.25 2 0
github.com/komodorio/komoplane/main.go:39.25,41.17 2 0
github.com/komodorio/komoplane/main.go:41.17,43.4 1 0
github.com/komodorio/komoplane/main.go:44.3,44.23 1 0
github.com/komodorio/komoplane/main.go:47.2,62.12 7 0
github.com/komodorio/komoplane/main.go:62.12,66.3 3 0
github.com/komodorio/komoplane/main.go:68.2,69.16 2 0
github.com/komodorio/komoplane/main.go:69.16,70.29 1 0
github.com/komodorio/komoplane/main.go:70.29,74.4 3 0
github.com/komodorio/komoplane/main.go:74.9,76.4 1 0
github.com/komodorio/komoplane/main.go:79.2,82.20 3 0
github.com/komodorio/komoplane/main.go:85.27,88.16 3 0
github.com/komodorio/komoplane/main.go:88.16,89.38 1 0
github.com/komodorio/komoplane/main.go:89.38,90.31 1 0
github.com/komodorio/komoplane/main.go:90.31,92.5 1 0
github.com/komodorio/komoplane/main.go:96.3,96.13 1 0
github.com/komodorio/komoplane/main.go:99.2,99.18 1 0
github.com/komodorio/komoplane/main.go:99.18,102.3 2 0
github.com/komodorio/komoplane/main.go:104.2,104.19 1 0
github.com/komodorio/komoplane/main.go:104.19,107.3 2 0
github.com/komodorio/komoplane/main.go:108.2,108.13 1 0
github.com/komodorio/komoplane/main.go:111.33,112.13 1 0
github.com/komodorio/komoplane/main.go:112.13,115.3 2 0
github.com/komodorio/komoplane/main.go:115.8,117.3 1 0
github.com/komodorio/komoplane/main.go:118.2,118.69 1 0
github.com/komodorio/komoplane/pkg/backend/api.go:13.57,16.12 3 0
github.com/komodorio/komoplane/pkg/backend/api.go:16.12,18.3 1 0
github.com/komodorio/komoplane/pkg/backend/api.go:20.2,29.79 3 0
github.com/komodorio/komoplane/pkg/backend/api.go:29.79,31.40 1 0
github.com/komodorio/komoplane/pkg/backend/api.go:31.40,33.5 1 0
github.com/komodorio/komoplane/pkg/backend/api.go:33.10,35.5 1 0
github.com/komodorio/komoplane/pkg/backend/api.go:36.4,36.14 1 0
github.com/komodorio/komoplane/pkg/backend/api.go:40.2,43.36 3 0
github.com/komodorio/komoplane/pkg/backend/api.go:43.36,45.3 1 0
github.com/komodorio/komoplane/pkg/backend/api.go:47.2,47.12 1 0
github.com/komodorio/komoplane/pkg/backend/api.go:51.55,52.36 1 0
github.com/komodorio/komoplane/pkg/backend/api.go:52.36,54.17 2 0
github.com/komodorio/komoplane/pkg/backend/api.go:54.17,57.18 3 0
github.com/komodorio/komoplane/pkg/backend/api.go:57.18,59.5 1 0
github.com/komodorio/komoplane/pkg/backend/api.go:59.10,61.5 1 0
github.com/komodorio/komoplane/pkg/backend/api.go:63.3,63.17 1 0
github.com/komodorio/komoplane/pkg/backend/api.go:67.56,68.36 1 0
github.com/komodorio/komoplane/pkg/backend/api.go:68.36,71.3 2 0
github.com/komodorio/komoplane/pkg/backend/api.go:74.56,75.36 1 0
github.com/komodorio/komoplane/pkg/backend/api.go:75.36,77.57 2 0
github.com/komodorio/komoplane/pkg/backend/api.go:77.57,79.4 1 0
github.com/komodorio/komoplane/pkg/backend/api.go:81.3,81.13 1 0
github.com/komodorio/komoplane/pkg/backend/api.go:85.56,86.48 1 0
github.com/komodorio/komoplane/pkg/backend/api.go:86.48,88.3 1 0
github.com/komodorio/komoplane/pkg/backend/api.go:91.2,91.50 1 0
github.com/komodorio/komoplane/pkg/backend/api.go:91.50,93.3 1 0
github.com/komodorio/komoplane/pkg/backend/api.go:95.2,121.28 21 0
github.com/komodorio/komoplane/pkg/backend/api.go:124.38,132.2 5 0
github.com/komodorio/komoplane/pkg/backend/controller.go:70.52,82.2 3 0
github.com/komodorio/komoplane/pkg/backend/controller.go:84.76,89.52 2 0
github.com/komodorio/komoplane/pkg/backend/controller.go:89.52,93.3 1 0
github.com/komodorio/komoplane/pkg/backend/controller.go:95.2,96.12 2 0
github.com/komodorio/komoplane/pkg/backend/controller.go:99.77,100.63 1 0
github.com/komodorio/komoplane/pkg/backend/controller.go:103.45,106.16 3 0
github.com/komodorio/komoplane/pkg/backend/controller.go:106.16,108.3 1 0
github.com/komodorio/komoplane/pkg/backend/controller.go:110.2,112.21 2 0
github.com/komodorio/komoplane/pkg/backend/controller.go:115.58,117.16 2 0
github.com/komodorio/komoplane/pkg/backend/controller.go:117.16,119.3 1 0
github.com/komodorio/komoplane/pkg/backend/controller.go:121.2,121.54 1 0
github.com/komodorio/komoplane/pkg/backend/controller.go:124.57,126.16 2 0
github.com/komodorio/komoplane/pkg/backend/controller.go:126.16,128.3 1 0
github.com/komodorio/komoplane/pkg/backend/controller.go:130.2,130.48 1 0
github.com/komodorio/komoplane/pkg/backend/controller.go:133.63,146.16 5 0
github.com/komodorio/komoplane/pkg/backend/controller.go:146.16,148.3 1 0
github.com/komodorio/komoplane/pkg/backend/controller.go:150.2,150.48 1 0
github.com/komodorio/komoplane/pkg/backend/controller.go:153.64,155.16 2 0
github.com/komodorio/komoplane/pkg/backend/controller.go:155.16,157.3 1 0
github.com/komodorio/komoplane/pkg/backend/controller.go:159.2,159.48 1 0
github.com/komodorio/komoplane/pkg/backend/controller.go:162.120,164.16 2 0
github.com/komodorio/komoplane/pkg/backend/controller.go:164.16,166.3 1 0
github.com/komodorio/komoplane/pkg/backend/controller.go:168.2,169.39 2 0
github.com/komodorio/komoplane/pkg/backend/controller.go:169.39,170.38 1 0
github.com/komodorio/komoplane/pkg/backend/controller.go:170.38,171.12 1 0
github.com/komodorio/komoplane/pkg/backend/controller.go:174.3,174.32 1 0
github.com/komodorio/komoplane/pkg/backend/controller.go:174.32,176.55 1 0
github.com/komodorio/komoplane/pkg/backend/controller.go:176.55,183.19 3 0
github.com/komodorio/komoplane/pkg/backend/controller.go:183.19,185.6 1 0
github.com/komodorio/komoplane/pkg/backend/controller.go:186.5,186.50 1 0
github.com/komodorio/komoplane/pkg/backend/controller.go:191.2,191.19 1 0
github.com/komodorio/komoplane/pkg/backend/controller.go:194.64,197.31 1 0
github.com/komodorio/komoplane/pkg/backend/controller.go:197.31,199.3 1 0
github.com/komodorio/komoplane/pkg/backend/controller.go:200.2,204.16 3 0
github.com/komodorio/komoplane/pkg/backend/controller.go:204.16,206.3 1 0
github.com/komodorio/komoplane/pkg/backend/controller.go:208.2,209.16 2 0
github.com/komodorio/komoplane/pkg/backend/controller.go:209.16,211.3 1 0
github.com/komodorio/komoplane/pkg/backend/controller.go:213.2,215.36 2 0
github.com/komodorio/komoplane/pkg/backend/controller.go:215.36,218.43 2 0
github.com/komodorio/komoplane/pkg/backend/controller.go:218.43,219.86 1 0
github.com/komodorio/komoplane/pkg/backend/controller.go:219.86,220.42 1 0
github.com/komodorio/komoplane/pkg/backend/controller.go:220.42,221.31 1 0
github.com/komodorio/komoplane/pkg/backend/controller.go:221.31,222.44 1 0
github.com/komodorio/komoplane/pkg/backend/controller.go:222.44,224.8 1 0
github.com/komodorio/komoplane/pkg/backend/controller.go:226.7,227.20 2 0
github.com/komodorio/komoplane/pkg/backend/controller.go:233.2,233.22 1 0
github.com/komodorio/komoplane/pkg/backend/controller.go:236.55,242.91 2 0
github.com/komodorio/komoplane/pkg/backend/controller.go:242.91,243.29 1 0
github.com/komodorio/komoplane/pkg/backend/controller.go:243.29,245.4 1 0
github.com/komodorio/komoplane/pkg/backend/controller.go:246.3,246.33 1 0
github.com/komodorio/komoplane/pkg/backend/controller.go:248.2,248.16 1 0
github.com/komodorio/komoplane/pkg/backend/controller.go:248.16,250.3 1 0
github.com/komodorio/komoplane/pkg/backend/controller.go:252.2,252.49 1 0
github.com/komodorio/komoplane/pkg/backend/controller.go:255.54,267.16 6 0
github.com/komodorio/komoplane/pkg/backend/controller.go:267.16,269.3 1 0
github.com/komodorio/komoplane/pkg/backend/controller.go:271.2,271.33 1 0
github.com/komodorio/komoplane/pkg/backend/controller.go:271.33,279.17 6 0
github.com/komodorio/komoplane/pkg/backend/controller.go:279.17,281.4 1 0
github.com/komodorio/komoplane/pkg/backend/controller.go:283.3,283.32 1 0
github.com/komodorio/komoplane/pkg/backend/controller.go:285.2,285.57 1 0
github.com/komodorio/komoplane/pkg/backend/controller.go:288.79,290.20 2 0
github.com/komodorio/komoplane/pkg/backend/controller.go:290.20,295.3 4 0
github.com/komodorio/komoplane/pkg/backend/controller.go:298.102,301.20 2 0
github.com/komodorio/komoplane/pkg/backend/controller.go:301.20,310.3 2 0
github.com/komodorio/komoplane/pkg/backend/controller.go:310.8,312.17 2 0
github.com/komodorio/komoplane/pkg/backend/controller.go:312.17,321.4 2 0
github.com/komodorio/komoplane/pkg/backend/controller.go:325.2,329.12 4 0
github.com/komodorio/komoplane/pkg/backend/controller.go:332.57,335.22 3 0
github.com/komodorio/komoplane/pkg/backend/controller.go:335.22,338.17 3 0
github.com/komodorio/komoplane/pkg/backend/controller.go:338.17,340.4 1 0
github.com/komodorio/komoplane/pkg/backend/controller.go:342.3,342.28 1 0
github.com/komodorio/komoplane/pkg/backend/controller.go:342.28,349.18 3 0
github.com/komodorio/komoplane/pkg/backend/controller.go:349.18,351.13 2 0
github.com/komodorio/komoplane/pkg/backend/controller.go:354.4,354.49 1 0
github.com/komodorio/komoplane/pkg/backend/controller.go:356.3,356.48 1 0
github.com/komodorio/komoplane/pkg/backend/controller.go:357.8,360.3 2 0
github.com/komodorio/komoplane/pkg/backend/controller.go:362.2,362.48 1 0
github.com/komodorio/komoplane/pkg/backend/controller.go:365.93,368.22 3 0
github.com/komodorio/komoplane/pkg/backend/controller.go:368.22,372.17 3 0
github.com/komodorio/komoplane/pkg/backend/controller.go:372.17,374.4 1 0
github.com/komodorio/komoplane/pkg/backend/controller.go:376.3,377.50 2 0
github.com/komodorio/komoplane/pkg/backend/controller.go:378.8,381.3 2 0
github.com/komodorio/komoplane/pkg/backend/controller.go:382.2,382.18 1 0
github.com/komodorio/komoplane/pkg/backend/controller.go:385.78,387.32 2 0
github.com/komodorio/komoplane/pkg/backend/controller.go:387.32,388.28 1 0
github.com/komodorio/komoplane/pkg/backend/controller.go:388.28,389.111 1 0
github.com/komodorio/komoplane/pkg/backend/controller.go:389.111,391.13 2 0
github.com/komodorio/komoplane/pkg/backend/controller.go:394.4,394.26 1 0
github.com/komodorio/komoplane/pkg/backend/controller.go:398.2,398.12 1 0
github.com/komodorio/komoplane/pkg/backend/controller.go:401.56,412.16 6 0
github.com/komodorio/komoplane/pkg/backend/controller.go:412.16,414.3 1 0
github.com/komodorio/komoplane/pkg/backend/controller.go:416.2,416.33 1 0
github.com/komodorio/komoplane/pkg/backend/controller.go:416.33,420.27 2 0
github.com/komodorio/komoplane/pkg/backend/controller.go:420.27,422.18 2 0
github.com/komodorio/komoplane/pkg/backend/controller.go:422.18,424.5 1 0
github.com/komodorio/komoplane/pkg/backend/controller.go:426.4,427.35 2 0
github.com/komodorio/komoplane/pkg/backend/controller.go:427.35,428.45 1 0
github.com/komodorio/komoplane/pkg/backend/controller.go:428.45,431.6 2 0
github.com/komodorio/komoplane/pkg/backend/controller.go:434.4,436.32 3 0
github.com/komodorio/komoplane/pkg/backend/controller.go:440.3,441.30 2 0
github.com/komodorio/komoplane/pkg/backend/controller.go:441.30,450.4 4 0
github.com/komodorio/komoplane/pkg/backend/controller.go:453.2,453.54 1 0
github.com/komodorio/komoplane/pkg/backend/controller.go:456.59,462.91 2 0
github.com/komodorio/komoplane/pkg/backend/controller.go:462.91,464.3 1 0
github.com/komodorio/komoplane/pkg/backend/controller.go:465.2,465.16 1 0
github.com/komodorio/komoplane/pkg/backend/controller.go:465.16,467.3 1 0
github.com/komodorio/komoplane/pkg/backend/controller.go:469.2,469.49 1 0
github.com/komodorio/komoplane/pkg/backend/controller.go:472.61,474.16 2 0
github.com/komodorio/komoplane/pkg/backend/controller.go:474.16,476.3 1 0
github.com/komodorio/komoplane/pkg/backend/controller.go:478.2,478.50 1 0
github.com/komodorio/komoplane/pkg/backend/controller.go:481.53,483.16 2 0
github.com/komodorio/komoplane/pkg/backend/controller.go:483.16,485.3 1 0
github.com/komodorio/komoplane/pkg/backend/controller.go:487.2,487.50 1 0
github.com/komodorio/komoplane/pkg/backend/controller.go:490.55,502.16 5 0
github.com/komodorio/komoplane/pkg/backend/controller.go:502.16,504.3 1 0
github.com/komodorio/komoplane/pkg/backend/controller.go:506.2,506.48 1 0
github.com/komodorio/komoplane/pkg/backend/controller.go:509.58,520.16 6 0
github.com/komodorio/komoplane/pkg/backend/controller.go:520.16,522.3 1 0
github.com/komodorio/komoplane/pkg/backend/controller.go:524.2,524.33 1 0
github.com/komodorio/komoplane/pkg/backend/controller.go:524.33,527.22 2 0
github.com/komodorio/komoplane/pkg/backend/controller.go:527.22,531.4 3 0
github.com/komodorio/komoplane/pkg/backend/controller.go:533.3,534.17 2 0
github.com/komodorio/komoplane/pkg/backend/controller.go:534.17,536.4 1 0
github.com/komodorio/komoplane/pkg/backend/controller.go:538.3,538.47 1 0
github.com/komodorio/komoplane/pkg/backend/controller.go:538.47,546.31 3 0
github.com/komodorio/komoplane/pkg/backend/controller.go:546.31,550.5 3 0
github.com/komodorio/komoplane/pkg/backend/controller.go:553.3,557.17 3 0
github.com/komodorio/komoplane/pkg/backend/controller.go:557.17,559.4 1 0
github.com/komodorio/komoplane/pkg/backend/controller.go:562.2,562.47 1 0
github.com/komodorio/komoplane/pkg/backend/controller.go:565.90,567.16 2 0
github.com/komodorio/komoplane/pkg/backend/controller.go:567.16,569.3 1 0
github.com/komodorio/komoplane/pkg/backend/controller.go:571.2,574.51 4 0
github.com/komodorio/komoplane/pkg/backend/controller.go:574.51,577.17 3 0
github.com/komodorio/komoplane/pkg/backend/controller.go:577.17,579.4 1 0
github.com/komodorio/komoplane/pkg/backend/controller.go:581.3,581.25 1 0
github.com/komodorio/komoplane/pkg/backend/controller.go:581.25,583.19 2 0
github.com/komodorio/komoplane/pkg/backend/controller.go:583.19,585.5 1 0
github.com/komodorio/komoplane/pkg/backend/controller.go:585.10,585.31 1 0
github.com/komodorio/komoplane/pkg/backend/controller.go:585.31,587.5 1 0
github.com/komodorio/komoplane/pkg/backend/controller.go:590.3,590.24 1 0
github.com/komodorio/komoplane/pkg/backend/controller.go:592.2,595.12 4 0
github.com/komodorio/komoplane/pkg/backend/controller.go:600.115,602.16 2 0
github.com/komodorio/komoplane/pkg/backend/controller.go:602.16,604.3 1 0
github.com/komodorio/komoplane/pkg/backend/controller.go:606.2,606.33 1 0
github.com/komodorio/komoplane/pkg/backend/controller.go:606.33,608.18 2 0
github.com/komodorio/komoplane/pkg/backend/controller.go:608.18,609.12 1 0
github.com/komodorio/komoplane/pkg/backend/controller.go:612.3,613.39 2 0
github.com/komodorio/komoplane/pkg/backend/controller.go:613.39,614.16 1 0
github.com/komodorio/komoplane/pkg/backend/controller.go:614.16,616.5 1 0
github.com/komodorio/komoplane/pkg/backend/controller.go:619.3,619.24 1 0
github.com/komodorio/komoplane/pkg/backend/controller.go:619.24,621.4 1 0
github.com/komodorio/komoplane/pkg/backend/controller.go:623.3,629.17 3 0
github.com/komodorio/komoplane/pkg/backend/controller.go:629.17,631.4 1 0
github.com/komodorio/komoplane/pkg/backend/controller.go:633.3,633.48 1 0
github.com/komodorio/komoplane/pkg/backend/controller.go:635.2,635.12 1 0
github.com/komodorio/komoplane/pkg/backend/controller.go:645.141,646.33 1 0
github.com/komodorio/komoplane/pkg/backend/controller.go:646.33,648.71 1 0
github.com/komodorio/komoplane/pkg/backend/controller.go:648.71,649.41 1 0
github.com/komodorio/komoplane/pkg/backend/controller.go:649.41,651.5 1 0
github.com/komodorio/komoplane/pkg/backend/controller.go:653.4,653.76 1 0
github.com/komodorio/komoplane/pkg/backend/controller.go:653.76,655.5 1 0
github.com/komodorio/komoplane/pkg/backend/controller.go:658.2,658.21 1 0
github.com/komodorio/komoplane/pkg/backend/controller.go:661.112,664.19 3 0
github.com/komodorio/komoplane/pkg/backend/controller.go:664.19,666.17 2 0
github.com/komodorio/komoplane/pkg/backend/controller.go:666.17,668.4 1 0
github.com/komodorio/komoplane/pkg/backend/controller.go:669.3,669.26 1 0
github.com/komodorio/komoplane/pkg/backend/controller.go:670.8,672.3 1 0
github.com/komodorio/komoplane/pkg/backend/controller.go:674.2,674.19 1 0
github.com/komodorio/komoplane/pkg/backend/controller.go:677.107,681.16 3 0
github.com/komodorio/komoplane/pkg/backend/controller.go:681.16,683.3 1 0
github.com/komodorio/komoplane/pkg/backend/controller.go:685.2,686.16 2 0
github.com/komodorio/komoplane/pkg/backend/controller.go:686.16,688.3 1 0
github.com/komodorio/komoplane/pkg/backend/controller.go:690.2,691.16 2 0
github.com/komodorio/komoplane/pkg/backend/controller.go:691.16,693.3 1 0
github.com/komodorio/komoplane/pkg/backend/controller.go:695.2,696.16 2 0
github.com/komodorio/komoplane/pkg/backend/controller.go:696.16,698.3 1 0
github.com/komodorio/komoplane/pkg/backend/controller.go:700.2,727.25 6 0
github.com/komodorio/komoplane/pkg/backend/controller.go:730.74,733.16 3 0
github.com/komodorio/komoplane/pkg/backend/controller.go:733.16,736.3 2 0
github.com/komodorio/komoplane/pkg/backend/controller.go:737.2,737.12 1 0
github.com/komodorio/komoplane/pkg/backend/controller.go:740.43,742.16 2 0
github.com/komodorio/komoplane/pkg/backend/controller.go:742.16,745.3 2 0
github.com/komodorio/komoplane/pkg/backend/controller.go:747.2,756.34 5 0
github.com/komodorio/komoplane/pkg/backend/fs_helper.go:13.71,19.2 2 0
github.com/komodorio/komoplane/pkg/backend/fs_helper.go:26.59,27.17 1 0
github.com/komodorio/komoplane/pkg/backend/fs_helper.go:27.17,29.3 1 0
github.com/komodorio/komoplane/pkg/backend/fs_helper.go:30.2,30.35 1 0
github.com/komodorio/komoplane/pkg/backend/fs_helper.go:36.33,38.2 1 0
github.com/komodorio/komoplane/pkg/backend/fs_helper.go:40.51,42.2 1 0
github.com/komodorio/komoplane/pkg/backend/fs_helper.go:44.51,46.2 1 0
github.com/komodorio/komoplane/pkg/backend/fs_helper.go:48.55,50.2 1 0
github.com/komodorio/komoplane/pkg/backend/fs_helper.go:52.47,54.2 1 0
github.com/komodorio/komoplane/pkg/backend/fs_helper.go:59.34,61.2 1 0
github.com/komodorio/komoplane/pkg/backend/fs_helper.go:63.33,65.2 1 0
github.com/komodorio/komoplane/pkg/backend/fs_helper.go:67.39,69.2 1 0
github.com/komodorio/komoplane/pkg/backend/fs_helper.go:71.40,73.2 1 0
github.com/komodorio/komoplane/pkg/backend/fs_helper.go:75.33,77.2 1 0
github.com/komodorio/komoplane/pkg/backend/fs_helper.go:79.30,81.2 1 0
github.com/komodorio/komoplane/pkg/backend/server.go:25.80,27.16 2 0
github.com/komodorio/komoplane/pkg/backend/server.go:27.16,29.3 1 0
github.com/komodorio/komoplane/pkg/backend/server.go:31.2,32.16 2 0
github.com/komodorio/komoplane/pkg/backend/server.go:32.16,34.3 1 0
github.com/komodorio/komoplane/pkg/backend/server.go:36.2,39.13 4 0
github.com/komodorio/komoplane/pkg/backend/server.go:39.13,41.3 1 0
github.com/komodorio/komoplane/pkg/backend/server.go:42.2,44.31 2 0
github.com/komodorio/komoplane/pkg/backend/server.go:44.31,46.3 1 0
github.com/komodorio/komoplane/pkg/backend/server.go:48.2,53.41 4 0
github.com/komodorio/komoplane/pkg/backend/server.go:56.92,63.12 3 0
github.com/komodorio/komoplane/pkg/backend/server.go:63.12,66.17 3 0
github.com/komodorio/komoplane/pkg/backend/server.go:66.17,68.4 1 0
github.com/komodorio/komoplane/pkg/backend/server.go:69.3,69.46 1 0
github.com/komodorio/komoplane/pkg/backend/server.go:72.2,72.12 1 0
github.com/komodorio/komoplane/pkg/backend/server.go:72.12,74.48 2 0
github.com/komodorio/komoplane/pkg/backend/server.go:74.48,76.14 2 0
github.com/komodorio/komoplane/pkg/backend/server.go:78.3,78.21 1 0
github.com/komodorio/komoplane/pkg/backend/server.go:81.2,81.13 1 0
github.com/komodorio/komoplane/pkg/backend/server.go:84.34,92.16 5 0
github.com/komodorio/komoplane/pkg/backend/server.go:92.16,95.3 2 0
github.com/komodorio/komoplane/pkg/backend/server.go:96.2,96.15 1 0
github.com/komodorio/komoplane/pkg/backend/server.go:96.15,96.37 1 0
github.com/komodorio/komoplane/pkg/backend/server.go:98.2,98.43 1 0
github.com/komodorio/komoplane/pkg/backend/server.go:98.43,100.3 1 0
github.com/komodorio/komoplane/pkg/backend/server.go:100.8,103.17 3 0
github.com/komodorio/komoplane/pkg/backend/server.go:103.17,105.4 1 0
github.com/komodorio/komoplane/pkg/backend/server.go:105.9,107.4 1 0
github.com/komodorio/komoplane/pkg/backend/server.go:110.2,111.16 2 0
github.com/komodorio/komoplane/pkg/backend/server.go:111.16,114.3 2 0
github.com/komodorio/komoplane/pkg/backend/server.go:116.2,117.16 2 0
github.com/komodorio/komoplane/pkg/backend/server.go:117.16,119.3 1 0
github.com/komodorio/komoplane/pkg/backend/server.go:119.8,120.22 1 0
github.com/komodorio/komoplane/pkg/backend/server.go:120.22,123.4 2 0
github.com/komodorio/komoplane/pkg/backend/server.go:123.9,125.4 1 0
github.com/komodorio/komoplane/main.go:32.13,34.16 2 0
github.com/komodorio/komoplane/main.go:34.16,36.3 1 0
github.com/komodorio/komoplane/main.go:38.2,39.25 2 0
github.com/komodorio/komoplane/main.go:39.25,41.17 2 0
github.com/komodorio/komoplane/main.go:41.17,43.4 1 0
github.com/komodorio/komoplane/main.go:44.3,44.23 1 0
github.com/komodorio/komoplane/main.go:47.2,62.12 7 0
github.com/komodorio/komoplane/main.go:62.12,66.3 3 0
github.com/komodorio/komoplane/main.go:68.2,69.16 2 0
github.com/komodorio/komoplane/main.go:69.16,70.29 1 0
github.com/komodorio/komoplane/main.go:70.29,74.4 3 0
github.com/komodorio/komoplane/main.go:74.9,76.4 1 0
github.com/komodorio/komoplane/main.go:79.2,82.20 3 0
github.com/komodorio/komoplane/main.go:85.27,88.16 3 0
github.com/komodorio/komoplane/main.go:88.16,89.38 1 0
github.com/komodorio/komoplane/main.go:89.38,90.31 1 0
github.com/komodorio/komoplane/main.go:90.31,92.5 1 0
github.com/komodorio/komoplane/main.go:96.3,96.13 1 0
github.com/komodorio/komoplane/main.go:99.2,99.18 1 0
github.com/komodorio/komoplane/main.go:99.18,102.3 2 0
github.com/komodorio/komoplane/main.go:104.2,104.19 1 0
github.com/komodorio/komoplane/main.go:104.19,107.3 2 0
github.com/komodorio/komoplane/main.go:108.2,108.13 1 0
github.com/komodorio/komoplane/main.go:111.33,112.13 1 0
github.com/komodorio/komoplane/main.go:112.13,115.3 2 0
github.com/komodorio/komoplane/main.go:115.8,117.3 1 0
github.com/komodorio/komoplane/main.go:118.2,118.69 1 0
github.com/komodorio/komoplane/pkg/backend/api.go:13.57,16.12 3 0
github.com/komodorio/komoplane/pkg/backend/api.go:16.12,18.3 1 0
github.com/komodorio/komoplane/pkg/backend/api.go:20.2,29.79 3 0
github.com/komodorio/komoplane/pkg/backend/api.go:29.79,31.40 1 0
github.com/komodorio/komoplane/pkg/backend/api.go:31.40,33.5 1 0
github.com/komodorio/komoplane/pkg/backend/api.go:33.10,35.5 1 0
github.com/komodorio/komoplane/pkg/backend/api.go:36.4,36.14 1 0
github.com/komodorio/komoplane/pkg/backend/api.go:40.2,43.36 3 0
github.com/komodorio/komoplane/pkg/backend/api.go:43.36,45.3 1 0
github.com/komodorio/komoplane/pkg/backend/api.go:47.2,47.12 1 0
github.com/komodorio/komoplane/pkg/backend/api.go:51.55,52.36 1 0
github.com/komodorio/komoplane/pkg/backend/api.go:52.36,54.17 2 0
github.com/komodorio/komoplane/pkg/backend/api.go:54.17,57.18 3 0
github.com/komodorio/komoplane/pkg/backend/api.go:57.18,59.5 1 0
github.com/komodorio/komoplane/pkg/backend/api.go:59.10,61.5 1 0
github.com/komodorio/komoplane/pkg/backend/api.go:63.3,63.17 1 0
github.com/komodorio/komoplane/pkg/backend/api.go:67.56,68.36 1 0
github.com/komodorio/komoplane/pkg/backend/api.go:68.36,71.3 2 0
github.com/komodorio/komoplane/pkg/backend/api.go:74.56,75.36 1 0
github.com/komodorio/komoplane/pkg/backend/api.go:75.36,77.57 2 0
github.com/komodorio/komoplane/pkg/backend/api.go:77.57,79.4 1 0
github.com/komodorio/komoplane/pkg/backend/api.go:81.3,81.13 1 0
github.com/komodorio/komoplane/pkg/backend/api.go:85.56,86.48 1 0
github.com/komodorio/komoplane/pkg/backend/api.go:86.48,88.3 1 0
github.com/komodorio/komoplane/pkg/backend/api.go:91.2,91.50 1 0
github.com/komodorio/komoplane/pkg/backend/api.go:91.50,93.3 1 0
github.com/komodorio/komoplane/pkg/backend/api.go:95.2,121.28 21 0
github.com/komodorio/komoplane/pkg/backend/api.go:124.38,132.2 5 0
github.com/komodorio/komoplane/pkg/backend/controller.go:70.52,82.2 3 0
github.com/komodorio/komoplane/pkg/backend/controller.go:84.76,89.52 2 0
github.com/komodorio/komoplane/pkg/backend/controller.go:89.52,93.3 1 0
github.com/komodorio/komoplane/pkg/backend/controller.go:95.2,96.12 2 0
github.com/komodorio/komoplane/pkg/backend/controller.go:99.77,100.63 1 0
github.com/komodorio/komoplane/pkg/backend/controller.go:103.45,106.16 3 0
github.com/komodorio/komoplane/pkg/backend/controller.go:106.16,108.3 1 0
github.com/komodorio/komoplane/pkg/backend/controller.go:110.2,112.21 2 0
github.com/komodorio/komoplane/pkg/backend/controller.go:115.58,117.16 2 0
github.com/komodorio/komoplane/pkg/backend/controller.go:117.16,119.3 1 0
github.com/komodorio/komoplane/pkg/backend/controller.go:121.2,121.54 1 0
github.com/komodorio/komoplane/pkg/backend/controller.go:124.57,126.16 2 0
github.com/komodorio/komoplane/pkg/backend/controller.go:126.16,128.3 1 0
github.com/komodorio/komoplane/pkg/backend/controller.go:130.2,130.48 1 0
github.com/komodorio/komoplane/pkg/backend/controller.go:133.63,146.16 5 0
github.com/komodorio/komoplane/pkg/backend/controller.go:146.16,148.3 1 0
github.com/komodorio/komoplane/pkg/backend/controller.go:150.2,150.48 1 0
github.com/komodorio/komoplane/pkg/backend/controller.go:153.64,155.16 2 0
github.com/komodorio/komoplane/pkg/backend/controller.go:155.16,157.3 1 0
github.com/komodorio/komoplane/pkg/backend/controller.go:159.2,159.48 1 0
github.com/komodorio/komoplane/pkg/backend/controller.go:162.120,164.16 2 0
github.com/komodorio/komoplane/pkg/backend/controller.go:164.16,166.3 1 0
github.com/komodorio/komoplane/pkg/backend/controller.go:168.2,169.39 2 0
github.com/komodorio/komoplane/pkg/backend/controller.go:169.39,170.38 1 0
github.com/komodorio/komoplane/pkg/backend/controller.go:170.38,171.12 1 0
github.com/komodorio/komoplane/pkg/backend/controller.go:174.3,174.32 1 0
github.com/komodorio/komoplane/pkg/backend/controller.go:174.32,176.55 1 0
github.com/komodorio/komoplane/pkg/backend/controller.go:176.55,183.19 3 0
github.com/komodorio/komoplane/pkg/backend/controller.go:183.19,185.6 1 0
github.com/komodorio/komoplane/pkg/backend/controller.go:186.5,186.50 1 0
github.com/komodorio/komoplane/pkg/backend/controller.go:191.2,191.19 1 0
github.com/komodorio/komoplane/pkg/backend/controller.go:194.64,197.31 1 0
github.com/komodorio/komoplane/pkg/backend/controller.go:197.31,199.3 1 0
github.com/komodorio/komoplane/pkg/backend/controller.go:200.2,204.16 3 0
github.com/komodorio/komoplane/pkg/backend/controller.go:204.16,206.3 1 0
github.com/komodorio/komoplane/pkg/backend/controller.go:208.2,209.16 2 0
github.com/komodorio/komoplane/pkg/backend/controller.go:209.16,211.3 1 0
github.com/komodorio/komoplane/pkg/backend/controller.go:213.2,215.36 2 0
github.com/komodorio/komoplane/pkg/backend/controller.go:215.36,218.43 2 0
github.com/komodorio/komoplane/pkg/backend/controller.go:218.43,219.86 1 0
github.com/komodorio/komoplane/pkg/backend/controller.go:219.86,220.42 1 0
github.com/komodorio/komoplane/pkg/backend/controller.go:220.42,221.31 1 0
github.com/komodorio/komoplane/pkg/backend/controller.go:221.31,222.44 1 0
github.com/komodorio/komoplane/pkg/backend/controller.go:222.44,224.8 1 0
github.com/komodorio/komoplane/pkg/backend/controller.go:226.7,227.20 2 0
github.com/komodorio/komoplane/pkg/backend/controller.go:233.2,233.22 1 0
github.com/komodorio/komoplane/pkg/backend/controller.go:236.55,242.91 2 0
github.com/komodorio/komoplane/pkg/backend/controller.go:242.91,243.29 1 0
github.com/komodorio/komoplane/pkg/backend/controller.go:243.29,245.4 1 0
github.com/komodorio/komoplane/pkg/backend/controller.go:246.3,246.33 1 0
github.com/komodorio/komoplane/pkg/backend/controller.go:248.2,248.16 1 0
github.com/komodorio/komoplane/pkg/backend/controller.go:248.16,250.3 1 0
github.com/komodorio/komoplane/pkg/backend/controller.go:252.2,252.49 1 0
github.com/komodorio/komoplane/pkg/backend/controller.go:255.54,267.16 6 0
github.com/komodorio/komoplane/pkg/backend/controller.go:267.16,269.3 1 0
github.com/komodorio/komoplane/pkg/backend/controller.go:271.2,271.33 1 0
github.com/komodorio/komoplane/pkg/backend/controller.go:271.33,279.17 6 0
github.com/komodorio/komoplane/pkg/backend/controller.go:279.17,281.4 1 0
github.com/komodorio/komoplane/pkg/backend/controller.go:283.3,283.32 1 0
github.com/komodorio/komoplane/pkg/backend/controller.go:285.2,285.57 1 0
github.com/komodorio/komoplane/pkg/backend/controller.go:288.79,290.20 2 0
github.com/komodorio/komoplane/pkg/backend/controller.go:290.20,295.3 4 0
github.com/komodorio/komoplane/pkg/backend/controller.go:298.102,301.20 2 0
github.com/komodorio/komoplane/pkg/backend/controller.go:301.20,310.3 2 0
github.com/komodorio/komoplane/pkg/backend/controller.go:310.8,312.17 2 0
github.com/komodorio/komoplane/pkg/backend/controller.go:312.17,321.4 2 0
github.com/komodorio/komoplane/pkg/backend/controller.go:325.2,329.12 4 0
github.com/komodorio/komoplane/pkg/backend/controller.go:332.57,335.22 3 0
github.com/komodorio/komoplane/pkg/backend/controller.go:335.22,338.17 3 0
github.com/komodorio/komoplane/pkg/backend/controller.go:338.17,340.4 1 0
github.com/komodorio/komoplane/pkg/backend/controller.go:342.3,342.28 1 0
github.com/komodorio/komoplane/pkg/backend/controller.go:342.28,349.18 3 0
github.com/komodorio/komoplane/pkg/backend/controller.go:349.18,351.13 2 0
github.com/komodorio/komoplane/pkg/backend/controller.go:354.4,354.49 1 0
github.com/komodorio/komoplane/pkg/backend/controller.go:356.3,356.48 1 0
github.com/komodorio/komoplane/pkg/backend/controller.go:357.8,360.3 2 0
github.com/komodorio/komoplane/pkg/backend/controller.go:362.2,362.48 1 0
github.com/komodorio/komoplane/pkg/backend/controller.go:365.93,368.22 3 0
github.com/komodorio/komoplane/pkg/backend/controller.go:368.22,372.17 3 0
github.com/komodorio/komoplane/pkg/backend/controller.go:372.17,374.4 1 0
github.com/komodorio/komoplane/pkg/backend/controller.go:376.3,377.50 2 0
github.com/komodorio/komoplane/pkg/backend/controller.go:378.8,381.3 2 0
github.com/komodorio/komoplane/pkg/backend/controller.go:382.2,382.18 1 0
github.com/komodorio/komoplane/pkg/backend/controller.go:385.78,387.32 2 0
github.com/komodorio/komoplane/pkg/backend/controller.go:387.32,388.28 1 0
github.com/komodorio/komoplane/pkg/backend/controller.go:388.28,389.111 1 0
github.com/komodorio/komoplane/pkg/backend/controller.go:389.111,391.13 2 0
github.com/komodorio/komoplane/pkg/backend/controller.go:394.4,394.26 1 0
github.com/komodorio/komoplane/pkg/backend/controller.go:398.2,398.12 1 0
github.com/komodorio/komoplane/pkg/backend/controller.go:401.56,412.16 6 0
github.com/komodorio/komoplane/pkg/backend/controller.go:412.16,414.3 1 0
github.com/komodorio/komoplane/pkg/backend/controller.go:416.2,416.33 1 0
github.com/komodorio/komoplane/pkg/backend/controller.go:416.33,420.27 2 0
github.com/komodorio/komoplane/pkg/backend/controller.go:420.27,422.18 2 0
github.com/komodorio/komoplane/pkg/backend/controller.go:422.18,424.5 1 0
github.com/komodorio/komoplane/pkg/backend/controller.go:426.4,427.35 2 0
github.com/komodorio/komoplane/pkg/backend/controller.go:427.35,428.45 1 0
github.com/komodorio/komoplane/pkg/backend/controller.go:428.45,431.6 2 0
github.com/komodorio/komoplane/pkg/backend/controller.go:434.4,436.32 3 0
github.com/komodorio/komoplane/pkg/backend/controller.go:440.3,441.30 2 0
github.com/komodorio/komoplane/pkg/backend/controller.go:441.30,450.4 4 0
github.com/komodorio/komoplane/pkg/backend/controller.go:453.2,453.54 1 0
github.com/komodorio/komoplane/pkg/backend/controller.go:456.59,462.91 2 0
github.com/komodorio/komoplane/pkg/backend/controller.go:462.91,464.3 1 0
github.com/komodorio/komoplane/pkg/backend/controller.go:465.2,465.16 1 0
github.com/komodorio/komoplane/pkg/backend/controller.go:465.16,467.3 1 0
github.com/komodorio/komoplane/pkg/backend/controller.go:469.2,469.49 1 0
github.com/komodorio/komoplane/pkg/backend/controller.go:472.61,474.16 2 0
github.com/komodorio/komoplane/pkg/backend/controller.go:474.16,476.3 1 0
github.com/komodorio/komoplane/pkg/backend/controller.go:478.2,478.50 1 0
github.com/komodorio/komoplane/pkg/backend/controller.go:481.53,483.16 2 0
github.com/komodorio/komoplane/pkg/backend/controller.go:483.16,485.3 1 0
github.com/komodorio/komoplane/pkg/backend/controller.go:487.2,487.50 1 0
github.com/komodorio/komoplane/pkg/backend/controller.go:490.55,502.16 5 0
github.com/komodorio/komoplane/pkg/backend/controller.go:502.16,504.3 1 0
github.com/komodorio/komoplane/pkg/backend/controller.go:506.2,506.48 1 0
github.com/komodorio/komoplane/pkg/backend/controller.go:509.58,520.16 6 0
github.com/komodorio/komoplane/pkg/backend/controller.go:520.16,522.3 1 0
github.com/komodorio/komoplane/pkg/backend/controller.go:524.2,524.33 1 0
github.com/komodorio/komoplane/pkg/backend/controller.go:524.33,527.22 2 0
github.com/komodorio/komoplane/pkg/backend/controller.go:527.22,531.4 3 0
github.com/komodorio/komoplane/pkg/backend/controller.go:533.3,534.17 2 0
github.com/komodorio/komoplane/pkg/backend/controller.go:534.17,536.4 1 0
github.com/komodorio/komoplane/pkg/backend/controller.go:538.3,538.47 1 0
github.com/komodorio/komoplane/pkg/backend/controller.go:538.47,546.31 3 0
github.com/komodorio/komoplane/pkg/backend/controller.go:546.31,550.5 3 0
github.com/komodorio/komoplane/pkg/backend/controller.go:553.3,557.17 3 0
github.com/komodorio/komoplane/pkg/backend/controller.go:557.17,559.4 1 0
github.com/komodorio/komoplane/pkg/backend/controller.go:562.2,562.47 1 0
github.com/komodorio/komoplane/pkg/backend/controller.go:565.90,567.16 2 0
github.com/komodorio/komoplane/pkg/backend/controller.go:567.16,569.3 1 0
github.com/komodorio/komoplane/pkg/backend/controller.go:571.2,574.51 4 0
github.com/komodorio/komoplane/pkg/backend/controller.go:574.51,577.17 3 0
github.com/komodorio/komoplane/pkg/backend/controller.go:577.17,579.4 1 0
github.com/komodorio/komoplane/pkg/backend/controller.go:581.3,581.25 1 0
github.com/komodorio/komoplane/pkg/backend/controller.go:581.25,583.19 2 0
github.com/komodorio/komoplane/pkg/backend/controller.go:583.19,585.5 1 0
github.com/komodorio/komoplane/pkg/backend/controller.go:585.10,585.31 1 0
github.com/komodorio/komoplane/pkg/backend/controller.go:585.31,587.5 1 0
github.com/komodorio/komoplane/pkg/backend/controller.go:590.3,590.24 1 0
github.com/komodorio/komoplane/pkg/backend/controller.go:592.2,595.12 4 0
github.com/komodorio/komoplane/pkg/backend/controller.go:600.115,602.16 2 0
github.com/komodorio/komoplane/pkg/backend/controller.go:602.16,604.3 1 0
github.com/komodorio/komoplane/pkg/backend/controller.go:606.2,606.33 1 0
github.com/komodorio/komoplane/pkg/backend/controller.go:606.33,608.18 2 0
github.com/komodorio/komoplane/pkg/backend/controller.go:608.18,609.12 1 0
github.com/komodorio/komoplane/pkg/backend/controller.go:612.3,613.39 2 0
github.com/komodorio/komoplane/pkg/backend/controller.go:613.39,614.16 1 0
github.com/komodorio/komoplane/pkg/backend/controller.go:614.16,616.5 1 0
github.com/komodorio/komoplane/pkg/backend/controller.go:619.3,619.24 1 0
github.com/komodorio/komoplane/pkg/backend/controller.go:619.24,621.4 1 0
github.com/komodorio/komoplane/pkg/backend/controller.go:623.3,629.17 3 0
github.com/komodorio/komoplane/pkg/backend/controller.go:629.17,631.4 1 0
github.com/komodorio/komoplane/pkg/backend/controller.go:633.3,633.48 1 0
github.com/komodorio/komoplane/pkg/backend/controller.go:635.2,635.12 1 0
github.com/komodorio/komoplane/pkg/backend/controller.go:645.141,646.33 1 0
github.com/komodorio/komoplane/pkg/backend/controller.go:646.33,648.71 1 0
github.com/komodorio/komoplane/pkg/backend/controller.go:648.71,649.41 1 0
github.com/komodorio/komoplane/pkg/backend/controller.go:649.41,651.5 1 0
github.com/komodorio/komoplane/pkg/backend/controller.go:653.4,653.76 1 0
github.com/komodorio/komoplane/pkg/backend/controller.go:653.76,655.5 1 0
github.com/komodorio/komoplane/pkg/backend/controller.go:658.2,658.21 1 0
github.com/komodorio/komoplane/pkg/backend/controller.go:661.112,664.19 3 0
github.com/komodorio/komoplane/pkg/backend/controller.go:664.19,666.17 2 0
github.com/komodorio/komoplane/pkg/backend/controller.go:666.17,668.4 1 0
github.com/komodorio/komoplane/pkg/backend/controller.go:669.3,669.26 1 0
github.com/komodorio/komoplane/pkg/backend/controller.go:670.8,672.3 1 0
github.com/komodorio/komoplane/pkg/backend/controller.go:674.2,674.19 1 0
github.com/komodorio/komoplane/pkg/backend/controller.go:677.107,681.16 3 0
github.com/komodorio/komoplane/pkg/backend/controller.go:681.16,683.3 1 0
github.com/komodorio/komoplane/pkg/backend/controller.go:685.2,686.16 2 0
github.com/komodorio/komoplane/pkg/backend/controller.go:686.16,688.3 1 0
github.com/komodorio/komoplane/pkg/backend/controller.go:690.2,691.16 2 0
github.com/komodorio/komoplane/pkg/backend/controller.go:691.16,693.3 1 0
github.com/komodorio/komoplane/pkg/backend/controller.go:695.2,696.16 2 0
github.com/komodorio/komoplane/pkg/backend/controller.go:696.16,698.3 1 0
github.com/komodorio/komoplane/pkg/backend/controller.go:700.2,727.25 6 0
github.com/komodorio/komoplane/pkg/backend/controller.go:730.74,733.16 3 0
github.com/komodorio/komoplane/pkg/backend/controller.go:733.16,736.3 2 0
github.com/komodorio/komoplane/pkg/backend/controller.go:737.2,737.12 1 0
github.com/komodorio/komoplane/pkg/backend/controller.go:740.43,742.16 2 0
github.com/komodorio/komoplane/pkg/backend/controller.go:742.16,745.3 2 0
github.com/komodorio/komoplane/pkg/backend/controller.go:747.2,756.34 5 0
github.com/komodorio/komoplane/pkg/backend/fs_helper.go:13.71,19.2 2 0
github.com/komodorio/komoplane/pkg/backend/fs_helper.go:26.59,27.17 1 0
github.com/komodorio/komoplane/pkg/backend/fs_helper.go:27.17,29.3 1 0
github.com/komodorio/komoplane/pkg/backend/fs_helper.go:30.2,30.35 1 0
github.com/komodorio/komoplane/pkg/backend/fs_helper.go:36.33,38.2 1 0
github.com/komodorio/komoplane/pkg/backend/fs_helper.go:40.51,42.2 1 0
github.com/komodorio/komoplane/pkg/backend/fs_helper.go:44.51,46.2 1 0
github.com/komodorio/komoplane/pkg/backend/fs_helper.go:48.55,50.2 1 0
github.com/komodorio/komoplane/pkg/backend/fs_helper.go:52.47,54.2 1 0
github.com/komodorio/komoplane/pkg/backend/fs_helper.go:59.34,61.2 1 0
github.com/komodorio/komoplane/pkg/backend/fs_helper.go:63.33,65.2 1 0
github.com/komodorio/komoplane/pkg/backend/fs_helper.go:67.39,69.2 1 0
github.com/komodorio/komoplane/pkg/backend/fs_helper.go:71.40,73.2 1 0
github.com/komodorio/komoplane/pkg/backend/fs_helper.go:75.33,77.2 1 0
github.com/komodorio/komoplane/pkg/backend/fs_helper.go:79.30,81.2 1 0
github.com/komodorio/komoplane/pkg/backend/server.go:25.80,27.16 2 0
github.com/komodorio/komoplane/pkg/backend/server.go:27.16,29.3 1 0
github.com/komodorio/komoplane/pkg/backend/server.go:31.2,32.16 2 0
github.com/komodorio/komoplane/pkg/backend/server.go:32.16,34.3 1 0
github.com/komodorio/komoplane/pkg/backend/server.go:36.2,39.13 4 0
github.com/komodorio/komoplane/pkg/backend/server.go:39.13,41.3 1 0
github.com/komodorio/komoplane/pkg/backend/server.go:42.2,44.31 2 0
github.com/komodorio/komoplane/pkg/backend/server.go:44.31,46.3 1 0
github.com/komodorio/komoplane/pkg/backend/server.go:48.2,53.41 4 0
github.com/komodorio/komoplane/pkg/backend/server.go:56.92,63.12 3 0
github.com/komodorio/komoplane/pkg/backend/server.go:63.12,66.17 3 0
github.com/komodorio/komoplane/pkg/backend/server.go:66.17,68.4 1 0
github.com/komodorio/komoplane/pkg/backend/server.go:69.3,69.46 1 0
github.com/komodorio/komoplane/pkg/backend/server.go:72.2,72.12 1 0
github.com/komodorio/komoplane/pkg/backend/server.go:72.12,74.48 2 0
github.com/komodorio/komoplane/pkg/backend/server.go:74.48,76.14 2 0
github.com/komodorio/komoplane/pkg/backend/server.go:78.3,78.21 1 0
github.com/komodorio/komoplane/pkg/backend/server.go:81.2,81.13 1 0
github.com/komodorio/komoplane/pkg/backend/server.go:84.34,92.16 5 0
github.com/komodorio/komoplane/pkg/backend/server.go:92.16,95.3 2 0
github.com/komodorio/komoplane/pkg/backend/server.go:96.2,96.15 1 0
github.com/komodorio/komoplane/pkg/backend/server.go:96.15,96.37 1 0
github.com/komodorio/komoplane/pkg/backend/server.go:98.2,98.43 1 0
github.com/komodorio/komoplane/pkg/backend/server.go:98.43,100.3 1 0
github.com/komodorio/komoplane/pkg/backend/server.go:100.8,103.17 3 0
github.com/komodorio/komoplane/pkg/backend/server.go:103.17,105.4 1 0
github.com/komodorio/komoplane/pkg/backend/server.go:105.9,107.4 1 0
github.com/komodorio/komoplane/pkg/backend/server.go:110.2,111.16 2 0
github.com/komodorio/komoplane/pkg/backend/server.go:111.16,114.3 2 0
github.com/komodorio/komoplane/pkg/backend/server.go:116.2,117.16 2 0
github.com/komodorio/komoplane/pkg/backend/server.go:117.16,119.3 1 0
github.com/komodorio/komoplane/pkg/backend/server.go:119.8,120.22 1 0
github.com/komodorio/komoplane/pkg/backend/server.go:120.22,123.4 2 0
github.com/komodorio/komoplane/pkg/backend/server.go:123.9,125.4 1 0
github.com/komodorio/komoplane/pkg/backend/crossplane/apiV1.go:19.59,27.16 7 0
github.com/komodorio/komoplane/pkg/backend/crossplane/apiV1.go:27.16,29.3 1 0
github.com/komodorio/komoplane/pkg/backend/crossplane/apiV1.go:31.2,31.46 1 0
github.com/komodorio/komoplane/pkg/backend/crossplane/apiV1.go:34.53,38.2 1 0
github.com/komodorio/komoplane/pkg/backend/crossplane/composition.go:19.84,28.2 3 0
github.com/komodorio/komoplane/pkg/backend/crossplane/composition.go:30.92,40.2 3 0
github.com/komodorio/komoplane/pkg/backend/crossplane/crds.go:26.101,35.16 8 0
github.com/komodorio/komoplane/pkg/backend/crossplane/crds.go:35.16,37.3 1 0
github.com/komodorio/komoplane/pkg/backend/crossplane/crds.go:39.2,40.16 2 0
github.com/komodorio/komoplane/pkg/backend/crossplane/crds.go:40.16,42.3 1 0
github.com/komodorio/komoplane/pkg/backend/crossplane/crds.go:44.2,51.12 2 0
github.com/komodorio/komoplane/pkg/backend/crossplane/crds.go:54.116,62.16 7 4
github.com/komodorio/komoplane/pkg/backend/crossplane/crds.go:62.16,64.3 1 0
github.com/komodorio/komoplane/pkg/backend/crossplane/crds.go:66.2,74.21 3 4
github.com/komodorio/komoplane/pkg/backend/crossplane/crds.go:77.97,79.16 2 0
github.com/komodorio/komoplane/pkg/backend/crossplane/crds.go:79.16,81.3 1 0
github.com/komodorio/komoplane/pkg/backend/crossplane/crds.go:83.2,83.33 1 0
github.com/komodorio/komoplane/pkg/backend/crossplane/crds.go:83.33,84.123 1 0
github.com/komodorio/komoplane/pkg/backend/crossplane/crds.go:84.123,86.4 1 0
github.com/komodorio/komoplane/pkg/backend/crossplane/crds.go:88.3,88.88 1 0
github.com/komodorio/komoplane/pkg/backend/crossplane/crds.go:88.88,90.4 1 0
github.com/komodorio/komoplane/pkg/backend/crossplane/crds.go:93.2,94.36 2 0
github.com/komodorio/komoplane/pkg/backend/crossplane/crds.go:97.76,102.2 1 0
github.com/komodorio/komoplane/pkg/backend/crossplane/events.go:21.104,31.31 3 0
github.com/komodorio/komoplane/pkg/backend/crossplane/events.go:31.31,33.3 1 0
github.com/komodorio/komoplane/pkg/backend/crossplane/events.go:35.2,36.20 2 0
github.com/komodorio/komoplane/pkg/backend/crossplane/events.go:39.63,41.16 2 0
github.com/komodorio/komoplane/pkg/backend/crossplane/events.go:41.16,43.3 1 0
github.com/komodorio/komoplane/pkg/backend/crossplane/events.go:45.2,47.8 1 0
github.com/komodorio/komoplane/pkg/backend/crossplane/extV1.go:19.66,27.16 7 0
github.com/komodorio/komoplane/pkg/backend/crossplane/extV1.go:27.16,29.3 1 0
github.com/komodorio/komoplane/pkg/backend/crossplane/extV1.go:31.2,31.53 1 0
github.com/komodorio/komoplane/pkg/backend/crossplane/extV1.go:34.50,38.2 1 0
github.com/komodorio/komoplane/pkg/backend/crossplane/extV1.go:39.66,43.2 1 0
github.com/komodorio/komoplane/pkg/backend/crossplane/providers.go:19.78,28.2 3 0
github.com/komodorio/komoplane/pkg/backend/crossplane/providers.go:30.86,40.2 3 0
github.com/komodorio/komoplane/pkg/backend/crossplane/xrds.go:19.92,28.2 3 0
github.com/komodorio/komoplane/pkg/backend/crossplane/xrds.go:30.100,40.2 3 0
github.com/komodorio/komoplane/pkg/backend/utils/utils.go:5.36,7.164 2 0
github.com/komodorio/komoplane/pkg/backend/utils/utils.go:7.164,9.3 1 0
github.com/komodorio/komoplane/pkg/backend/utils/utils.go:9.8,9.211 1 0
github.com/komodorio/komoplane/pkg/backend/utils/utils.go:9.211,11.3 1 0
github.com/komodorio/komoplane/pkg/backend/utils/utils.go:11.8,11.41 1 0
github.com/komodorio/komoplane/pkg/backend/utils/utils.go:11.41,13.3 1 0
github.com/komodorio/komoplane/pkg/backend/utils/utils.go:13.8,13.42 1 0
github.com/komodorio/komoplane/pkg/backend/utils/utils.go:13.42,15.3 1 0
github.com/komodorio/komoplane/pkg/backend/utils/utils.go:15.8,15.41 1 0
github.com/komodorio/komoplane/pkg/backend/utils/utils.go:15.41,17.3 1 0
github.com/komodorio/komoplane/pkg/backend/utils/utils.go:17.8,19.3 1 0
